<?xml version="1.0" encoding="UTF-8"?>
<testsuite name="com.example.demo.EcommerceApplicationTest" time="0.052" tests="13" errors="7" skipped="0" failures="0">
  <properties>
    <property name="idea.version" value="2020.2.3"/>
    <property name="java.runtime.name" value="Java(TM) SE Runtime Environment"/>
    <property name="java.vm.version" value="15.0.1+9-18"/>
    <property name="sun.boot.library.path" value="/Library/Java/JavaVirtualMachines/jdk-15.0.1.jdk/Contents/Home/lib"/>
    <property name="maven.multiModuleProjectDirectory" value="/Users/rli/Documents/Projects/projects/java/web-application/EcommerceSystem"/>
    <property name="java.vm.vendor" value="Oracle Corporation"/>
    <property name="java.vendor.url" value="https://java.oracle.com/"/>
    <property name="guice.disable.misplaced.annotation.check" value="true"/>
    <property name="path.separator" value=":"/>
    <property name="java.vm.name" value="Java HotSpot(TM) 64-Bit Server VM"/>
    <property name="user.country" value="US"/>
    <property name="sun.java.launcher" value="SUN_STANDARD"/>
    <property name="java.vm.specification.name" value="Java Virtual Machine Specification"/>
    <property name="user.dir" value="/Users/rli/Documents/Projects/projects/java/web-application/EcommerceSystem"/>
    <property name="java.vm.compressedOopsMode" value="Zero based"/>
    <property name="java.runtime.version" value="15.0.1+9-18"/>
    <property name="os.arch" value="x86_64"/>
    <property name="java.io.tmpdir" value="/var/folders/m2/rf0fy5xd6rg1v0r18sq_4wym0000gn/T/"/>
    <property name="line.separator" value="&#10;"/>
    <property name="java.vm.specification.vendor" value="Oracle Corporation"/>
    <property name="os.name" value="Mac OS X"/>
    <property name="maven.ext.class.path" value="/Applications/IntelliJ IDEA CE.app/Contents/plugins/maven/lib/maven-event-listener.jar"/>
    <property name="classworlds.conf" value="/Applications/IntelliJ IDEA CE.app/Contents/plugins/maven/lib/maven3/bin/m2.conf"/>
    <property name="sun.jnu.encoding" value="UTF-8"/>
    <property name="java.library.path" value="/Users/rli/Library/Java/Extensions:/Library/Java/Extensions:/Network/Library/Java/Extensions:/System/Library/Java/Extensions:/usr/lib/java:."/>
    <property name="maven.conf" value="/Applications/IntelliJ IDEA CE.app/Contents/plugins/maven/lib/maven3/conf"/>
    <property name="jdk.debug" value="release"/>
    <property name="java.class.version" value="59.0"/>
    <property name="java.specification.name" value="Java Platform API Specification"/>
    <property name="sun.management.compiler" value="HotSpot 64-Bit Tiered Compilers"/>
    <property name="os.version" value="10.15.7"/>
    <property name="http.nonProxyHosts" value="local|*.local|169.254/16|*.169.254/16"/>
    <property name="user.home" value="/Users/rli"/>
    <property name="user.timezone" value="America/Los_Angeles"/>
    <property name="file.encoding" value="UTF-8"/>
    <property name="java.specification.version" value="15"/>
    <property name="user.name" value="rli"/>
    <property name="java.class.path" value="/Applications/IntelliJ IDEA CE.app/Contents/plugins/maven/lib/maven3/boot/plexus-classworlds.license:/Applications/IntelliJ IDEA CE.app/Contents/plugins/maven/lib/maven3/boot/plexus-classworlds-2.6.0.jar"/>
    <property name="java.vm.specification.version" value="15"/>
    <property name="sun.arch.data.model" value="64"/>
    <property name="sun.java.command" value="org.codehaus.classworlds.Launcher -Didea.version=2020.2.3 package"/>
    <property name="java.home" value="/Library/Java/JavaVirtualMachines/jdk-15.0.1.jdk/Contents/Home"/>
    <property name="user.language" value="en"/>
    <property name="java.specification.vendor" value="Oracle Corporation"/>
    <property name="java.vm.info" value="mixed mode, sharing"/>
    <property name="java.version" value="15.0.1"/>
    <property name="java.vendor" value="Oracle Corporation"/>
    <property name="maven.home" value="/Applications/IntelliJ IDEA CE.app/Contents/plugins/maven/lib/maven3"/>
    <property name="file.separator" value="/"/>
    <property name="java.version.date" value="2020-10-20"/>
    <property name="java.vendor.url.bug" value="https://bugreport.java.com/bugreport/"/>
    <property name="sun.io.unicode.encoding" value="UnicodeBig"/>
    <property name="sun.cpu.endian" value="little"/>
    <property name="socksNonProxyHosts" value="local|*.local|169.254/16|*.169.254/16"/>
    <property name="ftp.nonProxyHosts" value="local|*.local|169.254/16|*.169.254/16"/>
  </properties>
  <testcase name="TestAddToCartUserNotFound" classname="com.example.demo.EcommerceApplicationTest" time="0.023">
    <error message="Cannot invoke &quot;com.splunk.TcpInput.submit(String)&quot; because &quot;this.splunkLogger&quot; is null" type="java.lang.NullPointerException">java.lang.NullPointerException: Cannot invoke "com.splunk.TcpInput.submit(String)" because "this.splunkLogger" is null
	at com.example.demo.controllers.CartController.addTocart(CartController.java:48)
	at com.example.demo.EcommerceApplicationTest.TestAddToCartUserNotFound(EcommerceApplicationTest.java:160)
</error>
    <system-out>18:32:12.833 [main] DEBUG org.springframework.test.context.junit4.SpringJUnit4ClassRunner - SpringJUnit4ClassRunner constructor called with [class com.example.demo.EcommerceApplicationTest]
18:32:12.838 [main] DEBUG org.springframework.test.context.BootstrapUtils - Instantiating CacheAwareContextLoaderDelegate from class [org.springframework.test.context.cache.DefaultCacheAwareContextLoaderDelegate]
18:32:12.843 [main] DEBUG org.springframework.test.context.BootstrapUtils - Instantiating BootstrapContext using constructor [public org.springframework.test.context.support.DefaultBootstrapContext(java.lang.Class,org.springframework.test.context.CacheAwareContextLoaderDelegate)]
18:32:12.853 [main] DEBUG org.springframework.test.context.BootstrapUtils - Instantiating TestContextBootstrapper for test class [com.example.demo.EcommerceApplicationTest] from class [org.springframework.boot.test.context.SpringBootTestContextBootstrapper]
18:32:12.864 [main] INFO org.springframework.boot.test.context.SpringBootTestContextBootstrapper - Neither @ContextConfiguration nor @ContextHierarchy found for test class [com.example.demo.EcommerceApplicationTest], using SpringBootContextLoader
18:32:12.866 [main] DEBUG org.springframework.test.context.support.AbstractContextLoader - Did not detect default resource location for test class [com.example.demo.EcommerceApplicationTest]: class path resource [com/example/demo/EcommerceApplicationTest-context.xml] does not exist
18:32:12.867 [main] DEBUG org.springframework.test.context.support.AbstractContextLoader - Did not detect default resource location for test class [com.example.demo.EcommerceApplicationTest]: class path resource [com/example/demo/EcommerceApplicationTestContext.groovy] does not exist
18:32:12.867 [main] INFO org.springframework.test.context.support.AbstractContextLoader - Could not detect default resource locations for test class [com.example.demo.EcommerceApplicationTest]: no resource found for suffixes {-context.xml, Context.groovy}.
18:32:12.868 [main] INFO org.springframework.test.context.support.AnnotationConfigContextLoaderUtils - Could not detect default configuration classes for test class [com.example.demo.EcommerceApplicationTest]: EcommerceApplicationTest does not declare any static, non-private, non-final, nested classes annotated with @Configuration.
18:32:12.896 [main] DEBUG org.springframework.test.context.support.ActiveProfilesUtils - Could not find an 'annotation declaring class' for annotation type [org.springframework.test.context.ActiveProfiles] and class [com.example.demo.EcommerceApplicationTest]
18:32:12.941 [main] DEBUG org.springframework.context.annotation.ClassPathScanningCandidateComponentProvider - Identified candidate component class: file [/Users/rli/Documents/Projects/projects/java/web-application/EcommerceSystem/target/classes/com/example/demo/EcommerceApplication.class]
18:32:12.942 [main] INFO org.springframework.boot.test.context.SpringBootTestContextBootstrapper - Found @SpringBootConfiguration com.example.demo.EcommerceApplication for test class com.example.demo.EcommerceApplicationTest
18:32:13.011 [main] DEBUG org.springframework.boot.test.context.SpringBootTestContextBootstrapper - @TestExecutionListeners is not present for class [com.example.demo.EcommerceApplicationTest]: using defaults.
18:32:13.012 [main] INFO org.springframework.boot.test.context.SpringBootTestContextBootstrapper - Loaded default TestExecutionListener class names from location [META-INF/spring.factories]: [org.springframework.boot.test.mock.mockito.MockitoTestExecutionListener, org.springframework.boot.test.mock.mockito.ResetMocksTestExecutionListener, org.springframework.boot.test.autoconfigure.restdocs.RestDocsTestExecutionListener, org.springframework.boot.test.autoconfigure.web.client.MockRestServiceServerResetTestExecutionListener, org.springframework.boot.test.autoconfigure.web.servlet.MockMvcPrintOnlyOnFailureTestExecutionListener, org.springframework.boot.test.autoconfigure.web.servlet.WebDriverTestExecutionListener, org.springframework.test.context.web.ServletTestExecutionListener, org.springframework.test.context.support.DirtiesContextBeforeModesTestExecutionListener, org.springframework.test.context.support.DependencyInjectionTestExecutionListener, org.springframework.test.context.support.DirtiesContextTestExecutionListener, org.springframework.test.context.transaction.TransactionalTestExecutionListener, org.springframework.test.context.jdbc.SqlScriptsTestExecutionListener, org.springframework.security.test.context.support.WithSecurityContextTestExecutionListener, org.springframework.security.test.context.support.ReactorContextTestExecutionListener]
18:32:13.028 [main] INFO org.springframework.boot.test.context.SpringBootTestContextBootstrapper - Using TestExecutionListeners: [org.springframework.test.context.web.ServletTestExecutionListener@2ed2d9cb, org.springframework.test.context.support.DirtiesContextBeforeModesTestExecutionListener@d5b810e, org.springframework.boot.test.mock.mockito.MockitoTestExecutionListener@43dac38f, org.springframework.boot.test.autoconfigure.SpringBootDependencyInjectionTestExecutionListener@342c38f8, org.springframework.test.context.support.DirtiesContextTestExecutionListener@c88a337, org.springframework.test.context.transaction.TransactionalTestExecutionListener@5d0a1059, org.springframework.test.context.jdbc.SqlScriptsTestExecutionListener@485966cc, org.springframework.security.test.context.support.WithSecurityContextTestExecutionListener@1de76cc7, org.springframework.security.test.context.support.ReactorContextTestExecutionListener@54bff557, org.springframework.boot.test.mock.mockito.ResetMocksTestExecutionListener@593aaf41, org.springframework.boot.test.autoconfigure.restdocs.RestDocsTestExecutionListener@5a56cdac, org.springframework.boot.test.autoconfigure.web.client.MockRestServiceServerResetTestExecutionListener@7c711375, org.springframework.boot.test.autoconfigure.web.servlet.MockMvcPrintOnlyOnFailureTestExecutionListener@57cf54e1, org.springframework.boot.test.autoconfigure.web.servlet.WebDriverTestExecutionListener@5b03b9fe]
18:32:13.030 [main] DEBUG org.springframework.test.annotation.ProfileValueUtils - Retrieved @ProfileValueSourceConfiguration [null] for test class [com.example.demo.EcommerceApplicationTest]
18:32:13.030 [main] DEBUG org.springframework.test.annotation.ProfileValueUtils - Retrieved ProfileValueSource type [class org.springframework.test.annotation.SystemProfileValueSource] for class [com.example.demo.EcommerceApplicationTest]
18:32:13.031 [main] DEBUG org.springframework.test.annotation.ProfileValueUtils - Retrieved @ProfileValueSourceConfiguration [null] for test class [com.example.demo.EcommerceApplicationTest]
18:32:13.031 [main] DEBUG org.springframework.test.annotation.ProfileValueUtils - Retrieved ProfileValueSource type [class org.springframework.test.annotation.SystemProfileValueSource] for class [com.example.demo.EcommerceApplicationTest]
18:32:13.036 [main] DEBUG org.springframework.test.context.support.AbstractDirtiesContextTestExecutionListener - Before test class: context [DefaultTestContext@2dc54ad4 testClass = EcommerceApplicationTest, testInstance = [null], testMethod = [null], testException = [null], mergedContextConfiguration = [WebMergedContextConfiguration@4659191b testClass = EcommerceApplicationTest, locations = '{}', classes = '{class com.example.demo.EcommerceApplication}', contextInitializerClasses = '[]', activeProfiles = '{}', propertySourceLocations = '{}', propertySourceProperties = '{org.springframework.boot.test.context.SpringBootTestContextBootstrapper=true}', contextCustomizers = set[org.springframework.boot.test.context.filter.ExcludeFilterContextCustomizer@55ca8de8, org.springframework.boot.test.json.DuplicateJsonObjectContextCustomizerFactory$DuplicateJsonObjectContextCustomizer@240237d2, org.springframework.boot.test.mock.mockito.MockitoContextCustomizer@0, org.springframework.boot.test.web.client.TestRestTemplateContextCustomizer@6b419da, org.springframework.boot.test.autoconfigure.properties.PropertyMappingContextCustomizer@0, org.springframework.boot.test.autoconfigure.web.servlet.WebDriverContextCustomizerFactory$Customizer@1a0dcaa], resourceBasePath = 'src/main/webapp', contextLoader = 'org.springframework.boot.test.context.SpringBootContextLoader', parent = [null]], attributes = map['org.springframework.test.context.web.ServletTestExecutionListener.activateListener' -> true]], class annotated with @DirtiesContext [false] with mode [null].
18:32:13.534 [main] DEBUG org.springframework.test.annotation.ProfileValueUtils - Retrieved @ProfileValueSourceConfiguration [null] for test class [com.example.demo.EcommerceApplicationTest]
18:32:13.534 [main] DEBUG org.springframework.test.annotation.ProfileValueUtils - Retrieved ProfileValueSource type [class org.springframework.test.annotation.SystemProfileValueSource] for class [com.example.demo.EcommerceApplicationTest]
18:32:13.544 [main] DEBUG org.springframework.test.context.support.TestPropertySourceUtils - Adding inlined properties to environment: {spring.jmx.enabled=false, org.springframework.boot.test.context.SpringBootTestContextBootstrapper=true, server.port=-1}

  .   ____          _            __ _ _
 /\\ / ___'_ __ _ _(_)_ __  __ _ \ \ \ \
( ( )\___ | '_ | '_| | '_ \/ _` | \ \ \ \
 \\/  ___)| |_)| | | | | || (_| |  ) ) ) )
  '  |____| .__|_| |_|_| |_\__, | / / / /
 =========|_|==============|___/=/_/_/_/
 :: Spring Boot ::        (v2.1.5.RELEASE)

2021-01-18 18:32:13.889  INFO 83725 --- [           main] c.example.demo.EcommerceApplicationTest  : Starting EcommerceApplicationTest on Runhans-MacBook-Pro.local with PID 83725 (started by rli in /Users/rli/Documents/Projects/projects/java/web-application/EcommerceSystem)
2021-01-18 18:32:13.890  INFO 83725 --- [           main] c.example.demo.EcommerceApplicationTest  : No active profile set, falling back to default profiles: default
2021-01-18 18:32:14.282  INFO 83725 --- [           main] .s.d.r.c.RepositoryConfigurationDelegate : Bootstrapping Spring Data repositories in DEFAULT mode.
2021-01-18 18:32:14.323  INFO 83725 --- [           main] .s.d.r.c.RepositoryConfigurationDelegate : Finished Spring Data repository scanning in 35ms. Found 4 repository interfaces.
2021-01-18 18:32:14.656  INFO 83725 --- [           main] trationDelegate$BeanPostProcessorChecker : Bean 'org.springframework.transaction.annotation.ProxyTransactionManagementConfiguration' of type [org.springframework.transaction.annotation.ProxyTransactionManagementConfiguration$$EnhancerBySpringCGLIB$$f174f6fa] is not eligible for getting processed by all BeanPostProcessors (for example: not eligible for auto-proxying)
2021-01-18 18:32:14.809  INFO 83725 --- [           main] com.zaxxer.hikari.HikariDataSource       : HikariPool-1 - Starting...
2021-01-18 18:32:14.950  INFO 83725 --- [           main] com.zaxxer.hikari.HikariDataSource       : HikariPool-1 - Start completed.
2021-01-18 18:32:14.999  INFO 83725 --- [           main] o.hibernate.jpa.internal.util.LogHelper  : HHH000204: Processing PersistenceUnitInfo [
	name: default
	...]
2021-01-18 18:32:15.046  INFO 83725 --- [           main] org.hibernate.Version                    : HHH000412: Hibernate Core {5.3.10.Final}
2021-01-18 18:32:15.046  INFO 83725 --- [           main] org.hibernate.cfg.Environment            : HHH000206: hibernate.properties not found
2021-01-18 18:32:15.080  INFO 83725 --- [           main] o.hibernate.annotations.common.Version   : HCANN000001: Hibernate Commons Annotations {5.0.4.Final}
2021-01-18 18:32:15.172  INFO 83725 --- [           main] org.hibernate.dialect.Dialect            : HHH000400: Using dialect: org.hibernate.dialect.H2Dialect
2021-01-18 18:32:15.619  INFO 83725 --- [           main] j.LocalContainerEntityManagerFactoryBean : Initialized JPA EntityManagerFactory for persistence unit 'default'
  _internal (events: 61656)
  _audit (events: 24779)
  _introspection (events: 6968)
  main (events: 18)
  _telemetry (events: 1)
  _thefishbucket (events: 0)
  history (events: 0)
  splunklogger (events: 0)
  summary (events: 0)
alert_logevent
alert_webhook
appsbrowser
introspection_generator_addon
journald_input
launcher
learned
legacy
sample_app
search
splunk_archiver
splunk_enterprise_on_aws_ami
splunk_gdi
splunk_httpinput
splunk_instrumentation
splunk_internal_metrics
splunk_metrics_workspace
splunk_monitoring_console
splunk_rapid_diag
splunk_secure_gateway
SplunkForwarder
SplunkLightForwarder
There are 19 data inputs:

  3002 (tcp/raw)
  73.35.160.246/32:3000 (tcp/raw)
  73.35.160.246/32:3001 (tcp/raw)
  $SPLUNK_HOME/etc/apps/splunk_instrumentation/bin/instrumentation.py (script)
  $SPLUNK_HOME/etc/apps/splunk_instrumentation/bin/on_splunk_start.py (script)
  $SPLUNK_HOME/etc/apps/splunk_instrumentation/bin/schedule_delete.py (script)
  /opt/splunk/etc/apps/introspection_generator_addon/bin/collector.path (script)
  /opt/splunk/etc/apps/splunk_monitoring_console/bin/dmc_config.py (script)
  9997 (tcp/cooked)
  $SPLUNK_HOME/etc/splunk.version (monitor)
  $SPLUNK_HOME/var/log/introspection (monitor)
  $SPLUNK_HOME/var/log/splunk (monitor)
  $SPLUNK_HOME/var/log/splunk/license_usage_summary.log (monitor)
  $SPLUNK_HOME/var/log/splunk/splunk_instrumentation_cloud.log* (monitor)
  $SPLUNK_HOME/var/log/watchdog/watchdog.log* (monitor)
  $SPLUNK_HOME/var/run/splunk/search_telemetry/*search_telemetry.json (monitor)
  $SPLUNK_HOME/var/spool/splunk (monitor)
  $SPLUNK_HOME/var/spool/splunk/...stash_hec (monitor)
  $SPLUNK_HOME/var/spool/splunk/...stash_new (monitor)
2021-01-18 18:32:18.330  WARN 83725 --- [           main] aWebConfiguration$JpaWebMvcConfiguration : spring.jpa.open-in-view is enabled by default. Therefore, database queries may be performed during view rendering. Explicitly configure spring.jpa.open-in-view to disable this warning
2021-01-18 18:32:18.401  INFO 83725 --- [           main] o.s.s.web.DefaultSecurityFilterChain     : Creating filter chain: any request, [org.springframework.security.web.context.request.async.WebAsyncManagerIntegrationFilter@3140ad41, org.springframework.security.web.context.SecurityContextPersistenceFilter@3085befb, org.springframework.security.web.header.HeaderWriterFilter@cbc3bf3, org.springframework.web.filter.CorsFilter@3f2d2f22, org.springframework.security.web.authentication.logout.LogoutFilter@4113d9ab, com.example.demo.security.JWTAuthenticationFilter@61c3d7ac, com.example.demo.security.JWTAuthenticationVerficationFilter@4bc9389, org.springframework.security.web.savedrequest.RequestCacheAwareFilter@4ed19540, org.springframework.security.web.servletapi.SecurityContextHolderAwareRequestFilter@57ac236a, org.springframework.security.web.authentication.AnonymousAuthenticationFilter@30221cfa, org.springframework.security.web.session.SessionManagementFilter@7730da00, org.springframework.security.web.access.ExceptionTranslationFilter@38c1b1a7, org.springframework.security.web.access.intercept.FilterSecurityInterceptor@5b72b13a]
2021-01-18 18:32:18.679  INFO 83725 --- [           main] o.s.s.concurrent.ThreadPoolTaskExecutor  : Initializing ExecutorService 'applicationTaskExecutor'
2021-01-18 18:32:18.842  INFO 83725 --- [           main] c.example.demo.EcommerceApplicationTest  : Started EcommerceApplicationTest in 5.293 seconds (JVM running for 6.323)
2021-01-18 18:32:18.880 ERROR 83725 --- [           main] c.e.demo.controllers.CartController      : Error:when adding item to cart: user Ryan not found
</system-out>
  </testcase>
  <testcase name="TestGetUserByUsername" classname="com.example.demo.EcommerceApplicationTest" time="0.002">
    <error message="Cannot invoke &quot;com.splunk.TcpInput.submit(String)&quot; because &quot;this.splunkLogger&quot; is null" type="java.lang.NullPointerException">java.lang.NullPointerException: Cannot invoke "com.splunk.TcpInput.submit(String)" because "this.splunkLogger" is null
	at com.example.demo.controllers.UserController.findByUserName(UserController.java:63)
	at com.example.demo.EcommerceApplicationTest.TestGetUserByUsername(EcommerceApplicationTest.java:104)
</error>
    <system-out>2021-01-18 18:32:18.891  INFO 83725 --- [           main] c.e.demo.controllers.UserController      : Successfully found user: Ryan
</system-out>
  </testcase>
  <testcase name="TestSubmitOrder" classname="com.example.demo.EcommerceApplicationTest" time="0.006"/>
  <testcase name="TestGetItems" classname="com.example.demo.EcommerceApplicationTest" time="0.002"/>
  <testcase name="TestGetItemsByName" classname="com.example.demo.EcommerceApplicationTest" time="0.002"/>
  <testcase name="TestGetOrdersForUser" classname="com.example.demo.EcommerceApplicationTest" time="0.002"/>
  <testcase name="TestAddToCartItemNotFound" classname="com.example.demo.EcommerceApplicationTest" time="0.004">
    <error message="Cannot invoke &quot;com.splunk.TcpInput.submit(String)&quot; because &quot;this.splunkLogger&quot; is null" type="java.lang.NullPointerException">java.lang.NullPointerException: Cannot invoke "com.splunk.TcpInput.submit(String)" because "this.splunkLogger" is null
	at com.example.demo.controllers.CartController.addTocart(CartController.java:59)
	at com.example.demo.EcommerceApplicationTest.TestAddToCartItemNotFound(EcommerceApplicationTest.java:175)
</error>
    <system-out>2021-01-18 18:32:18.908 ERROR 83725 --- [           main] c.e.demo.controllers.CartController      : Error when adding item to cart: item 1 not found
</system-out>
  </testcase>
  <testcase name="TestCreateUser" classname="com.example.demo.EcommerceApplicationTest" time="0.003">
    <error message="Cannot invoke &quot;com.splunk.TcpInput.submit(String)&quot; because &quot;this.splunkLogger&quot; is null" type="java.lang.NullPointerException">java.lang.NullPointerException: Cannot invoke "com.splunk.TcpInput.submit(String)" because "this.splunkLogger" is null
	at com.example.demo.controllers.UserController.createUser(UserController.java:94)
	at com.example.demo.EcommerceApplicationTest.TestCreateUser(EcommerceApplicationTest.java:76)
</error>
    <system-out>2021-01-18 18:32:18.913  INFO 83725 --- [           main] c.e.demo.controllers.UserController      : Successfully created user: Ryan with id 0
</system-out>
  </testcase>
  <testcase name="TestGetUserById" classname="com.example.demo.EcommerceApplicationTest" time="0.001"/>
  <testcase name="TestGetUserByUsernameNotFound" classname="com.example.demo.EcommerceApplicationTest" time="0.002">
    <error message="Cannot invoke &quot;com.splunk.TcpInput.submit(String)&quot; because &quot;this.splunkLogger&quot; is null" type="java.lang.NullPointerException">java.lang.NullPointerException: Cannot invoke "com.splunk.TcpInput.submit(String)" because "this.splunkLogger" is null
	at com.example.demo.controllers.UserController.findByUserName(UserController.java:53)
	at com.example.demo.EcommerceApplicationTest.TestGetUserByUsernameNotFound(EcommerceApplicationTest.java:118)
</error>
    <system-out>2021-01-18 18:32:18.918 ERROR 83725 --- [           main] c.e.demo.controllers.UserController      : User with name: Ryan not found
</system-out>
  </testcase>
  <testcase name="TestAddToCart" classname="com.example.demo.EcommerceApplicationTest" time="0.002">
    <error message="Cannot invoke &quot;com.splunk.TcpInput.submit(String)&quot; because &quot;this.splunkLogger&quot; is null" type="java.lang.NullPointerException">java.lang.NullPointerException: Cannot invoke "com.splunk.TcpInput.submit(String)" because "this.splunkLogger" is null
	at com.example.demo.controllers.CartController.addTocart(CartController.java:72)
	at com.example.demo.EcommerceApplicationTest.TestAddToCart(EcommerceApplicationTest.java:137)
</error>
    <system-out>2021-01-18 18:32:18.921  INFO 83725 --- [           main] c.e.demo.controllers.CartController      : Successfully add item: 1 to user: Ryan cart
</system-out>
  </testcase>
  <testcase name="TestGetItemById" classname="com.example.demo.EcommerceApplicationTest" time="0.001"/>
  <testcase name="TestRemoveFromCart" classname="com.example.demo.EcommerceApplicationTest" time="0.002">
    <error message="Cannot invoke &quot;com.splunk.TcpInput.submit(String)&quot; because &quot;this.splunkLogger&quot; is null" type="java.lang.NullPointerException">java.lang.NullPointerException: Cannot invoke "com.splunk.TcpInput.submit(String)" because "this.splunkLogger" is null
	at com.example.demo.controllers.CartController.removeFromcart(CartController.java:110)
	at com.example.demo.EcommerceApplicationTest.TestRemoveFromCart(EcommerceApplicationTest.java:196)
</error>
    <system-out>2021-01-18 18:32:18.925  INFO 83725 --- [           main] c.e.demo.controllers.CartController      : Successfully removed item:1 from user:Ryan cart
</system-out>
  </testcase>
</testsuite>